Lexical error at line 10:     int nrDivB;
Token "nrDivB" is not a reserved word, operator, separator, identifier or constant.
Lexical error at line 14:         nrDivA += 2;
Token "nrDivA" is not a reserved word, operator, separator, identifier or constant.
Lexical error at line 18:         nrDivB += 2;
Token "nrDivB" is not a reserved word, operator, separator, identifier or constant.
Lexical error at line 20:     daca(nrDivA == nrDivB)
Token "nrDivA" is not a reserved word, operator, separator, identifier or constant.
PIF:
(token: cortex)  ->  (pos: 0)
(token: int)  ->  (pos: 0)
(token: ()  ->  (pos: 0)
(token: ))  ->  (pos: 0)
(token: {)  ->  (pos: 0)
(token: int)  ->  (pos: 0)
(token: ;)  ->  (pos: 0)
(token: identifier)  ->  (pos: 1)
(token: int)  ->  (pos: 0)
(token: ;)  ->  (pos: 0)
(token: identifier)  ->  (pos: 2)
(token: citeste)  ->  (pos: 0)
(token: ()  ->  (pos: 0)
(token: ))  ->  (pos: 0)
(token: ;)  ->  (pos: 0)
(token: identifier)  ->  (pos: 1)
(token: citeste)  ->  (pos: 0)
(token: ()  ->  (pos: 0)
(token: ))  ->  (pos: 0)
(token: ;)  ->  (pos: 0)
(token: identifier)  ->  (pos: 2)
(token: int)  ->  (pos: 0)
(token: ;)  ->  (pos: 0)
(token: identifier)  ->  (pos: 3)
(token: int)  ->  (pos: 0)
(token: ;)  ->  (pos: 0)
(token: ptr)  ->  (pos: 0)
(token: int)  ->  (pos: 0)
(token: ++)  ->  (pos: 0)
(token: =)  ->  (pos: 0)
(token: /)  ->  (pos: 0)
(token: <)  ->  (pos: 0)
(token: ()  ->  (pos: 0)
(token: ))  ->  (pos: 0)
(token: ;)  ->  (pos: 0)
(token: identifier)  ->  (pos: 4)
(token: constant)  ->  (pos: 5)
(token: identifier)  ->  (pos: 4)
(token: identifier)  ->  (pos: 1)
(token: constant)  ->  (pos: 5)
(token: identifier)  ->  (pos: 4)
(token: daca)  ->  (pos: 0)
(token: ==)  ->  (pos: 0)
(token: %)  ->  (pos: 0)
(token: ()  ->  (pos: 0)
(token: ))  ->  (pos: 0)
(token: identifier)  ->  (pos: 1)
(token: identifier)  ->  (pos: 4)
(token: constant)  ->  (pos: 6)
(token: +=)  ->  (pos: 0)
(token: ;)  ->  (pos: 0)
(token: ptr)  ->  (pos: 0)
(token: int)  ->  (pos: 0)
(token: ++)  ->  (pos: 0)
(token: =)  ->  (pos: 0)
(token: /)  ->  (pos: 0)
(token: <)  ->  (pos: 0)
(token: ()  ->  (pos: 0)
(token: ))  ->  (pos: 0)
(token: ;)  ->  (pos: 0)
(token: identifier)  ->  (pos: 4)
(token: constant)  ->  (pos: 5)
(token: identifier)  ->  (pos: 4)
(token: identifier)  ->  (pos: 2)
(token: constant)  ->  (pos: 5)
(token: identifier)  ->  (pos: 4)
(token: daca)  ->  (pos: 0)
(token: ==)  ->  (pos: 0)
(token: %)  ->  (pos: 0)
(token: ()  ->  (pos: 0)
(token: ))  ->  (pos: 0)
(token: identifier)  ->  (pos: 2)
(token: identifier)  ->  (pos: 4)
(token: constant)  ->  (pos: 6)
(token: +=)  ->  (pos: 0)
(token: ;)  ->  (pos: 0)
(token: daca)  ->  (pos: 0)
(token: ==)  ->  (pos: 0)
(token: ()  ->  (pos: 0)
(token: ))  ->  (pos: 0)
(token: scrie)  ->  (pos: 0)
(token: ()  ->  (pos: 0)
(token: ))  ->  (pos: 0)
(token: ;)  ->  (pos: 0)
(token: ")  ->  (pos: 0)
(token: constant)  ->  (pos: 7)
(token: altfel)  ->  (pos: 0)
(token: scrie)  ->  (pos: 0)
(token: ()  ->  (pos: 0)
(token: ))  ->  (pos: 0)
(token: ;)  ->  (pos: 0)
(token: ")  ->  (pos: 0)
(token: constant)  ->  (pos: 8)
(token: returneaza)  ->  (pos: 0)
(token: ;)  ->  (pos: 0)
(token: constant)  ->  (pos: 6)
(token: })  ->  (pos: 0)
